<?xml version="1.0" encoding="UTF-8"?>
<beans xmlns="http://www.springframework.org/schema/beans"
       xmlns:xsi="http://www.w3.org/2001/XMLSchema-instance" xmlns:util="http://www.springframework.org/schema/util"
       xsi:schemaLocation="http://www.springframework.org/schema/beans http://www.springframework.org/schema/beans/spring-beans.xsd http://www.springframework.org/schema/util http://www.springframework.org/schema/util/spring-util.xsd">

    <bean class="org.bongiorno.ws.core.context.QueryablePropertyPlaceholderConfigurer">
        <property name="systemPropertiesMode">
            <!-- this configuration is for security and forces these to be passed on commandline since they are dummy values in config-->
            <util:constant
                    static-field="org.springframework.beans.factory.config.PropertyPlaceholderConfigurer.SYSTEM_PROPERTIES_MODE_OVERRIDE"/>
        </property>
        <property name="locations">
            <list>
                <value>classpath:twilio-client.properties</value>
                <value>classpath:test-twilio-client.properties</value>
            </list>
        </property>
    </bean>

</beans>