<?xml version="1.0" encoding="UTF-8"?>
<beans xmlns="http://www.springframework.org/schema/beans"
       xmlns:xsi="http://www.w3.org/2001/XMLSchema-instance"
       xsi:schemaLocation="http://www.springframework.org/schema/beans http://www.springframework.org/schema/beans/spring-beans.xsd">


    <!--<import resource="classpath:twilio-client-retry-context.xml"/>-->

    <import resource="classpath:test-twilio-load-properties-context.xml"/>
    <import resource="classpath:twilio-client-raw-context.xml"/>

    <bean id="wsClient" class="org.bongiorno.ws.client.TwilioClient">
        <constructor-arg value="${twilio.account.number.from}"/>
    </bean>

</beans>